-------------------------------------------------------
 T E S T S
-------------------------------------------------------
Running programrepairtest.BTest
Tests run: 3, Failures: 0, Errors: 0, Skipped: 0, Time elapsed: 0.142 sec - in programrepairtest.BTest
Running programrepairtest.ATest
Tests run: 3, Failures: 1, Errors: 0, Skipped: 0, Time elapsed: 0.007 sec <<< FAILURE! - in programrepairtest.ATest
testGetPrivateInteger(programrepairtest.ATest)  Time elapsed: 0.005 sec  <<< FAILURE!
java.lang.AssertionError: expected:<42> but was:<24>
	at org.junit.Assert.fail(Assert.java:88)
	at org.junit.Assert.failNotEquals(Assert.java:834)
	at org.junit.Assert.assertEquals(Assert.java:645)
	at org.junit.Assert.assertEquals(Assert.java:631)
	at programrepairtest.ATest.testGetPrivateInteger(ATest.java:13)


Results :

Failed tests: 
  ATest.testGetPrivateInteger:13 expected:<42> but was:<24>

Tests run: 6, Failures: 1, Errors: 0, Skipped: 0

[INFO] ------------------------------------------------------------------------
[INFO] BUILD FAILURE
[INFO] ------------------------------------------------------------------------
[INFO] Total time: 2.700 s
[INFO] Finished at: 2016-01-12T12:14:09+01:00
[INFO] Final Memory: 14M/129M
[INFO] ------------------------------------------------------------------------
[ERROR] Failed to execute goal org.apache.maven.plugins:maven-surefire-plugin:2.17:test (default-test) on project program-repair-test: There are test failures.
[ERROR] 
[ERROR] Please refer to /home/user/IDL/program-repair/tmp/program-repair-test/target/surefire-reports for the individual test results.
[ERROR] -> [Help 1]
[ERROR] 
[ERROR] To see the full stack trace of the errors, re-run Maven with the -e switch.
[ERROR] Re-run Maven using the -X switch to enable full debug logging.
[ERROR] 
[ERROR] For more information about the errors and possible solutions, please read the following articles:
[ERROR] [Help 1] http://cwiki.apache.org/confluence/display/MAVEN/MojoFailureException
